Arguments: 
  C:\Program Files\nodejs\node.exe C:\Users\AnaKM\AppData\Roaming\npm\node_modules\yarn\bin\yarn.js add dotenv --save

PATH: 
  C:\Program Files\Eclipse Adoptium\jdk-17.0.7.7-hotspot\bin;C:\Windows\system32;C:\Windows;C:\Windows\System32\Wbem;C:\Windows\System32\WindowsPowerShell\v1.0\;C:\Windows\System32\OpenSSH\;C:\Program Files\Microsoft VS Code\bin;C:\Program Files\PuTTY\;C:\Program Files\Git\cmd;C:\Program Files (x86)\Microsoft SQL Server\Client SDK\ODBC\130\Tools\Binn\;C:\Program Files (x86)\Microsoft SQL Server\140\Tools\Binn\;C:\Program Files (x86)\Microsoft SQL Server\140\DTS\Binn\;C:\Program Files (x86)\Microsoft SQL Server\140\Tools\Binn\ManagementStudio\;C:\wamp\bin\php\php7.3.21;C:\wamp\bin\php;C:\Program Files\nodejs\;C:\Users\AnaKM\AppData\Local\Microsoft\WindowsApps;C:\Users\AnaKM\AppData\Roaming\npm;C:\Users\AnaKM\composer;C:\Users\AnaKM\AppData\Roaming\Composer\vendor\bin

Yarn version: 
  1.22.19

Node version: 
  18.9.1

Platform: 
  win32 x64

Trace: 
  Error: self-signed certificate in certificate chain
      at TLSSocket.onConnectSecure (node:_tls_wrap:1538:34)
      at TLSSocket.emit (node:events:513:28)
      at TLSSocket._finishInit (node:_tls_wrap:952:8)
      at ssl.onhandshakedone (node:_tls_wrap:733:12)

npm manifest: 
  No manifest

yarn manifest: 
  No manifest

Lockfile: 
  No lockfile
